0:0:0:0:0:0:0:1 - [2014-12-01 00:46:049,089 -0800] "GET /login HTTP/1.1" 304 "Mozilla/5.0 (Macintosh; Intel Mac OS X 10_9_5) AppleWebKit/537.36 (KHTML, like Gecko) Chrome/39.0.2171.71 Safari/537.36"
0:0:0:0:0:0:0:1 - [2014-12-01 00:46:049,165 -0800] "GET /resources/css/bootstrap.progress-auto.css HTTP/1.1" 200 "Mozilla/5.0 (Macintosh; Intel Mac OS X 10_9_5) AppleWebKit/537.36 (KHTML, like Gecko) Chrome/39.0.2171.71 Safari/537.36"
0:0:0:0:0:0:0:1 - [2014-12-01 00:46:049,183 -0800] "GET /resources/js/webmail.js HTTP/1.1" 200 "Mozilla/5.0 (Macintosh; Intel Mac OS X 10_9_5) AppleWebKit/537.36 (KHTML, like Gecko) Chrome/39.0.2171.71 Safari/537.36"
0:0:0:0:0:0:0:1 - [2014-12-01 00:46:049,167 -0800] "GET /resources/css/mail.css HTTP/1.1" 200 "Mozilla/5.0 (Macintosh; Intel Mac OS X 10_9_5) AppleWebKit/537.36 (KHTML, like Gecko) Chrome/39.0.2171.71 Safari/537.36"
0:0:0:0:0:0:0:1 - [2014-12-01 00:46:049,184 -0800] "GET /resources/css/font-awesome.min.css HTTP/1.1" 200 "Mozilla/5.0 (Macintosh; Intel Mac OS X 10_9_5) AppleWebKit/537.36 (KHTML, like Gecko) Chrome/39.0.2171.71 Safari/537.36"
0:0:0:0:0:0:0:1 - [2014-12-01 00:46:049,189 -0800] "GET /resources/css/mail-resp.css HTTP/1.1" 200 "Mozilla/5.0 (Macintosh; Intel Mac OS X 10_9_5) AppleWebKit/537.36 (KHTML, like Gecko) Chrome/39.0.2171.71 Safari/537.36"
0:0:0:0:0:0:0:1 - [2014-12-01 00:46:049,189 -0800] "GET /resources/js/jquery-2.1.1.js HTTP/1.1" 200 "Mozilla/5.0 (Macintosh; Intel Mac OS X 10_9_5) AppleWebKit/537.36 (KHTML, like Gecko) Chrome/39.0.2171.71 Safari/537.36"
0:0:0:0:0:0:0:1 - [2014-12-01 00:46:049,164 -0800] "GET /resources/css/bootstrap.min.css HTTP/1.1" 200 "Mozilla/5.0 (Macintosh; Intel Mac OS X 10_9_5) AppleWebKit/537.36 (KHTML, like Gecko) Chrome/39.0.2171.71 Safari/537.36"
0:0:0:0:0:0:0:1 - [2014-12-01 00:47:031,899 -0800] "GET /login HTTP/1.1" 304 "Mozilla/5.0 (Macintosh; Intel Mac OS X 10_9_5) AppleWebKit/537.36 (KHTML, like Gecko) Chrome/39.0.2171.71 Safari/537.36"
0:0:0:0:0:0:0:1 - [2014-12-01 00:47:031,946 -0800] "GET /resources/css/bootstrap.min.css HTTP/1.1" 304 "Mozilla/5.0 (Macintosh; Intel Mac OS X 10_9_5) AppleWebKit/537.36 (KHTML, like Gecko) Chrome/39.0.2171.71 Safari/537.36"
0:0:0:0:0:0:0:1 - [2014-12-01 00:47:031,946 -0800] "GET /resources/js/jquery-2.1.1.js HTTP/1.1" 304 "Mozilla/5.0 (Macintosh; Intel Mac OS X 10_9_5) AppleWebKit/537.36 (KHTML, like Gecko) Chrome/39.0.2171.71 Safari/537.36"
0:0:0:0:0:0:0:1 - [2014-12-01 00:47:031,955 -0800] "GET /resources/css/mail.css HTTP/1.1" 304 "Mozilla/5.0 (Macintosh; Intel Mac OS X 10_9_5) AppleWebKit/537.36 (KHTML, like Gecko) Chrome/39.0.2171.71 Safari/537.36"
0:0:0:0:0:0:0:1 - [2014-12-01 00:47:031,954 -0800] "GET /resources/js/webmail.js HTTP/1.1" 304 "Mozilla/5.0 (Macintosh; Intel Mac OS X 10_9_5) AppleWebKit/537.36 (KHTML, like Gecko) Chrome/39.0.2171.71 Safari/537.36"
0:0:0:0:0:0:0:1 - [2014-12-01 00:47:031,958 -0800] "GET /resources/css/font-awesome.min.css HTTP/1.1" 304 "Mozilla/5.0 (Macintosh; Intel Mac OS X 10_9_5) AppleWebKit/537.36 (KHTML, like Gecko) Chrome/39.0.2171.71 Safari/537.36"
0:0:0:0:0:0:0:1 - [2014-12-01 00:47:031,958 -0800] "GET /resources/css/mail-resp.css HTTP/1.1" 304 "Mozilla/5.0 (Macintosh; Intel Mac OS X 10_9_5) AppleWebKit/537.36 (KHTML, like Gecko) Chrome/39.0.2171.71 Safari/537.36"
0:0:0:0:0:0:0:1 - [2014-12-01 00:47:031,958 -0800] "GET /resources/css/bootstrap.progress-auto.css HTTP/1.1" 304 "Mozilla/5.0 (Macintosh; Intel Mac OS X 10_9_5) AppleWebKit/537.36 (KHTML, like Gecko) Chrome/39.0.2171.71 Safari/537.36"
0:0:0:0:0:0:0:1 - [2014-12-01 00:53:011,226 -0800] "GET /login HTTP/1.1" 200 "Mozilla/5.0 (Macintosh; Intel Mac OS X 10_9_5) AppleWebKit/537.36 (KHTML, like Gecko) Chrome/39.0.2171.71 Safari/537.36"
0:0:0:0:0:0:0:1 - [2014-12-01 00:53:011,308 -0800] "GET /resources/css/bootstrap.progress-auto.css HTTP/1.1" 304 "Mozilla/5.0 (Macintosh; Intel Mac OS X 10_9_5) AppleWebKit/537.36 (KHTML, like Gecko) Chrome/39.0.2171.71 Safari/537.36"
0:0:0:0:0:0:0:1 - [2014-12-01 00:53:011,308 -0800] "GET /resources/css/bootstrap.min.css HTTP/1.1" 304 "Mozilla/5.0 (Macintosh; Intel Mac OS X 10_9_5) AppleWebKit/537.36 (KHTML, like Gecko) Chrome/39.0.2171.71 Safari/537.36"
0:0:0:0:0:0:0:1 - [2014-12-01 00:53:011,309 -0800] "GET /resources/js/jquery-2.1.1.js HTTP/1.1" 304 "Mozilla/5.0 (Macintosh; Intel Mac OS X 10_9_5) AppleWebKit/537.36 (KHTML, like Gecko) Chrome/39.0.2171.71 Safari/537.36"
0:0:0:0:0:0:0:1 - [2014-12-01 00:53:011,308 -0800] "GET /resources/css/mail-resp.css HTTP/1.1" 304 "Mozilla/5.0 (Macintosh; Intel Mac OS X 10_9_5) AppleWebKit/537.36 (KHTML, like Gecko) Chrome/39.0.2171.71 Safari/537.36"
0:0:0:0:0:0:0:1 - [2014-12-01 00:53:011,311 -0800] "GET /resources/css/mail.css HTTP/1.1" 304 "Mozilla/5.0 (Macintosh; Intel Mac OS X 10_9_5) AppleWebKit/537.36 (KHTML, like Gecko) Chrome/39.0.2171.71 Safari/537.36"
0:0:0:0:0:0:0:1 - [2014-12-01 00:53:011,308 -0800] "GET /resources/css/font-awesome.min.css HTTP/1.1" 304 "Mozilla/5.0 (Macintosh; Intel Mac OS X 10_9_5) AppleWebKit/537.36 (KHTML, like Gecko) Chrome/39.0.2171.71 Safari/537.36"
0:0:0:0:0:0:0:1 - [2014-12-01 00:53:011,314 -0800] "GET /resources/js/webmail.js HTTP/1.1" 304 "Mozilla/5.0 (Macintosh; Intel Mac OS X 10_9_5) AppleWebKit/537.36 (KHTML, like Gecko) Chrome/39.0.2171.71 Safari/537.36"
0:0:0:0:0:0:0:1 - [2014-12-01 00:53:013,619 -0800] "GET /login HTTP/1.1" 304 "Mozilla/5.0 (Macintosh; Intel Mac OS X 10_9_5) AppleWebKit/537.36 (KHTML, like Gecko) Chrome/39.0.2171.71 Safari/537.36"
0:0:0:0:0:0:0:1 - [2014-12-01 00:53:013,642 -0800] "GET /resources/css/font-awesome.min.css HTTP/1.1" 304 "Mozilla/5.0 (Macintosh; Intel Mac OS X 10_9_5) AppleWebKit/537.36 (KHTML, like Gecko) Chrome/39.0.2171.71 Safari/537.36"
0:0:0:0:0:0:0:1 - [2014-12-01 00:53:013,642 -0800] "GET /resources/css/bootstrap.min.css HTTP/1.1" 304 "Mozilla/5.0 (Macintosh; Intel Mac OS X 10_9_5) AppleWebKit/537.36 (KHTML, like Gecko) Chrome/39.0.2171.71 Safari/537.36"
0:0:0:0:0:0:0:1 - [2014-12-01 00:53:013,642 -0800] "GET /resources/css/mail.css HTTP/1.1" 304 "Mozilla/5.0 (Macintosh; Intel Mac OS X 10_9_5) AppleWebKit/537.36 (KHTML, like Gecko) Chrome/39.0.2171.71 Safari/537.36"
0:0:0:0:0:0:0:1 - [2014-12-01 00:53:013,645 -0800] "GET /resources/js/jquery-2.1.1.js HTTP/1.1" 304 "Mozilla/5.0 (Macintosh; Intel Mac OS X 10_9_5) AppleWebKit/537.36 (KHTML, like Gecko) Chrome/39.0.2171.71 Safari/537.36"
0:0:0:0:0:0:0:1 - [2014-12-01 00:53:013,644 -0800] "GET /resources/js/webmail.js HTTP/1.1" 304 "Mozilla/5.0 (Macintosh; Intel Mac OS X 10_9_5) AppleWebKit/537.36 (KHTML, like Gecko) Chrome/39.0.2171.71 Safari/537.36"
0:0:0:0:0:0:0:1 - [2014-12-01 00:53:013,671 -0800] "GET /resources/css/bootstrap.progress-auto.css HTTP/1.1" 304 "Mozilla/5.0 (Macintosh; Intel Mac OS X 10_9_5) AppleWebKit/537.36 (KHTML, like Gecko) Chrome/39.0.2171.71 Safari/537.36"
0:0:0:0:0:0:0:1 - [2014-12-01 00:53:013,673 -0800] "GET /resources/css/mail-resp.css HTTP/1.1" 304 "Mozilla/5.0 (Macintosh; Intel Mac OS X 10_9_5) AppleWebKit/537.36 (KHTML, like Gecko) Chrome/39.0.2171.71 Safari/537.36"
0:0:0:0:0:0:0:1 - [2014-12-01 00:54:005,202 -0800] "GET /login HTTP/1.1" 200 "Mozilla/5.0 (Macintosh; Intel Mac OS X 10_9_5) AppleWebKit/537.36 (KHTML, like Gecko) Chrome/39.0.2171.71 Safari/537.36"
0:0:0:0:0:0:0:1 - [2014-12-01 00:54:005,272 -0800] "GET /resources/css/bootstrap.progress-auto.css HTTP/1.1" 304 "Mozilla/5.0 (Macintosh; Intel Mac OS X 10_9_5) AppleWebKit/537.36 (KHTML, like Gecko) Chrome/39.0.2171.71 Safari/537.36"
0:0:0:0:0:0:0:1 - [2014-12-01 00:54:005,286 -0800] "GET /resources/css/mail.css HTTP/1.1" 304 "Mozilla/5.0 (Macintosh; Intel Mac OS X 10_9_5) AppleWebKit/537.36 (KHTML, like Gecko) Chrome/39.0.2171.71 Safari/537.36"
0:0:0:0:0:0:0:1 - [2014-12-01 00:54:005,285 -0800] "GET /resources/js/jquery-2.1.1.js HTTP/1.1" 304 "Mozilla/5.0 (Macintosh; Intel Mac OS X 10_9_5) AppleWebKit/537.36 (KHTML, like Gecko) Chrome/39.0.2171.71 Safari/537.36"
0:0:0:0:0:0:0:1 - [2014-12-01 00:54:005,275 -0800] "GET /resources/css/bootstrap.min.css HTTP/1.1" 304 "Mozilla/5.0 (Macintosh; Intel Mac OS X 10_9_5) AppleWebKit/537.36 (KHTML, like Gecko) Chrome/39.0.2171.71 Safari/537.36"
0:0:0:0:0:0:0:1 - [2014-12-01 00:54:005,289 -0800] "GET /resources/css/mail-resp.css HTTP/1.1" 304 "Mozilla/5.0 (Macintosh; Intel Mac OS X 10_9_5) AppleWebKit/537.36 (KHTML, like Gecko) Chrome/39.0.2171.71 Safari/537.36"
0:0:0:0:0:0:0:1 - [2014-12-01 00:54:005,289 -0800] "GET /resources/css/font-awesome.min.css HTTP/1.1" 304 "Mozilla/5.0 (Macintosh; Intel Mac OS X 10_9_5) AppleWebKit/537.36 (KHTML, like Gecko) Chrome/39.0.2171.71 Safari/537.36"
0:0:0:0:0:0:0:1 - [2014-12-01 00:54:005,291 -0800] "GET /resources/js/webmail.js HTTP/1.1" 304 "Mozilla/5.0 (Macintosh; Intel Mac OS X 10_9_5) AppleWebKit/537.36 (KHTML, like Gecko) Chrome/39.0.2171.71 Safari/537.36"
